----------------------------------------------------------------
Sat Jul 29 21:52:25 IST 2017:
Booting Derby version The Apache Software Foundation - Apache Derby - 10.13.1.1 - (Unversioned directory): instance a816c00e-015d-8f27-ef3c-000003087360 
on database directory C:\Users\lasha\Documents\Semester 6\CO328-open source project\db-derby-10.13.1.1-src\bin\testdb with class loader sun.misc.Launcher$AppClassLoader@2b193f2d 
Loaded from file:/C:/Users/lasha/Documents/Semester%206/CO328-open%20source%20project/db-derby-10.13.1.1-src/lib/derby.jar
java.vendor=Oracle Corporation
java.runtime.version=1.8.0_131-b11
user.dir=C:\Users\lasha\Documents\Semester 6\CO328-open source project\db-derby-10.13.1.1-src\bin
os.name=Windows 10
os.arch=amd64
os.version=10.0
derby.system.home=null
Database Class Loader started - derby.database.classpath=''
Sat Jul 29 21:52:36 IST 2017 Thread[main,5,main] (XID = 167), (SESSIONID = 1), (DATABASE = testdb), (DRDAID = null), Cleanup action starting
Sat Jul 29 21:52:36 IST 2017 Thread[main,5,main] (XID = 167), (SESSIONID = 1), (DATABASE = testdb), (DRDAID = null), Failed Statement is: alter table"APP"."NOTTHERE" compress sequential
ERROR 42Y55: 'ALTER TABLE' cannot be performed on 'APP.NOTTHERE' because it does not exist.
	at org.apache.derby.iapi.error.StandardException.newException(StandardException.java:290)
	at org.apache.derby.iapi.error.StandardException.newException(StandardException.java:285)
	at org.apache.derby.impl.sql.compile.DDLStatementNode.justGetDescriptor(DDLStatementNode.java:366)
	at org.apache.derby.impl.sql.compile.DDLStatementNode.getTableDescriptor(DDLStatementNode.java:337)
	at org.apache.derby.impl.sql.compile.DDLStatementNode.getTableDescriptor(DDLStatementNode.java:289)
	at org.apache.derby.impl.sql.compile.AlterTableNode.bindStatement(AlterTableNode.java:335)
	at org.apache.derby.impl.sql.GenericStatement.prepMinion(GenericStatement.java:401)
	at org.apache.derby.impl.sql.GenericStatement.prepare(GenericStatement.java:99)
	at org.apache.derby.impl.sql.conn.GenericLanguageConnectionContext.prepareInternalStatement(GenericLanguageConnectionContext.java:1114)
	at org.apache.derby.impl.jdbc.EmbedPreparedStatement.<init>(EmbedPreparedStatement.java:134)
	at org.apache.derby.impl.jdbc.EmbedPreparedStatement42.<init>(EmbedPreparedStatement42.java:41)
	at org.apache.derby.jdbc.Driver42.newEmbedPreparedStatement(Driver42.java:59)
	at org.apache.derby.impl.jdbc.EmbedConnection.prepareStatement(EmbedConnection.java:1740)
	at org.apache.derby.impl.jdbc.EmbedConnection.prepareStatement(EmbedConnection.java:1568)
	at org.apache.derby.catalog.SystemProcedures.SYSCS_COMPRESS_TABLE(SystemProcedures.java:940)
	at org.apache.derby.exe.ac560740aax015dx8f27xef3cx0000030873600.g0(Unknown Source)
	at sun.reflect.NativeMethodAccessorImpl.invoke0(Native Method)
	at sun.reflect.NativeMethodAccessorImpl.invoke(NativeMethodAccessorImpl.java:62)
	at sun.reflect.DelegatingMethodAccessorImpl.invoke(DelegatingMethodAccessorImpl.java:43)
	at java.lang.reflect.Method.invoke(Method.java:498)
	at org.apache.derby.impl.services.reflect.ReflectMethod.invoke(ReflectMethod.java:46)
	at org.apache.derby.impl.sql.execute.CallStatementResultSet.open(CallStatementResultSet.java:75)
	at org.apache.derby.impl.sql.GenericPreparedStatement.executeStmt(GenericPreparedStatement.java:472)
	at org.apache.derby.impl.sql.GenericPreparedStatement.execute(GenericPreparedStatement.java:351)
	at org.apache.derby.impl.jdbc.EmbedStatement.executeStatement(EmbedStatement.java:1339)
	at org.apache.derby.impl.jdbc.EmbedStatement.execute(EmbedStatement.java:705)
	at org.apache.derby.impl.jdbc.EmbedStatement.execute(EmbedStatement.java:632)
	at org.apache.derby.impl.tools.ij.ij.executeImmediate(ij.java:372)
	at org.apache.derby.impl.tools.ij.utilMain.doCatch(utilMain.java:533)
	at org.apache.derby.impl.tools.ij.utilMain.runScriptGuts(utilMain.java:375)
	at org.apache.derby.impl.tools.ij.utilMain.go(utilMain.java:251)
	at org.apache.derby.impl.tools.ij.Main.go(Main.java:229)
	at org.apache.derby.impl.tools.ij.Main.mainCore(Main.java:184)
	at org.apache.derby.impl.tools.ij.Main.main(Main.java:75)
	at org.apache.derby.tools.ij.main(ij.java:59)
Cleanup action completed
Sat Jul 29 21:52:36 IST 2017 Thread[main,5,main] (XID = 167), (SESSIONID = 1), (DATABASE = testdb), (DRDAID = null), Cleanup action starting
Sat Jul 29 21:52:36 IST 2017 Thread[main,5,main] (XID = 167), (SESSIONID = 1), (DATABASE = testdb), (DRDAID = null), Failed Statement is: CALL SYSCS_UTIL.SYSCS_COMPRESS_TABLE('APP','NOTTHERE',1)
ERROR 38000: The exception 'java.sql.SQLSyntaxErrorException: 'ALTER TABLE' cannot be performed on 'APP.NOTTHERE' because it does not exist.' was thrown while evaluating an expression.
	at org.apache.derby.iapi.error.StandardException.newException(StandardException.java:290)
	at org.apache.derby.iapi.error.StandardException.unexpectedUserException(StandardException.java:509)
	at org.apache.derby.iapi.error.StandardException.unexpectedUserException(StandardException.java:406)
	at org.apache.derby.impl.services.reflect.ReflectMethod.invoke(ReflectMethod.java:62)
	at org.apache.derby.impl.sql.execute.CallStatementResultSet.open(CallStatementResultSet.java:75)
	at org.apache.derby.impl.sql.GenericPreparedStatement.executeStmt(GenericPreparedStatement.java:472)
	at org.apache.derby.impl.sql.GenericPreparedStatement.execute(GenericPreparedStatement.java:351)
	at org.apache.derby.impl.jdbc.EmbedStatement.executeStatement(EmbedStatement.java:1339)
	at org.apache.derby.impl.jdbc.EmbedStatement.execute(EmbedStatement.java:705)
	at org.apache.derby.impl.jdbc.EmbedStatement.execute(EmbedStatement.java:632)
	at org.apache.derby.impl.tools.ij.ij.executeImmediate(ij.java:372)
	at org.apache.derby.impl.tools.ij.utilMain.doCatch(utilMain.java:533)
	at org.apache.derby.impl.tools.ij.utilMain.runScriptGuts(utilMain.java:375)
	at org.apache.derby.impl.tools.ij.utilMain.go(utilMain.java:251)
	at org.apache.derby.impl.tools.ij.Main.go(Main.java:229)
	at org.apache.derby.impl.tools.ij.Main.mainCore(Main.java:184)
	at org.apache.derby.impl.tools.ij.Main.main(Main.java:75)
	at org.apache.derby.tools.ij.main(ij.java:59)
Caused by: java.sql.SQLSyntaxErrorException: 'ALTER TABLE' cannot be performed on 'APP.NOTTHERE' because it does not exist.
	at org.apache.derby.impl.jdbc.SQLExceptionFactory.getSQLException(SQLExceptionFactory.java:103)
	at org.apache.derby.impl.jdbc.Util.generateCsSQLException(Util.java:230)
	at org.apache.derby.impl.jdbc.TransactionResourceImpl.wrapInSQLException(TransactionResourceImpl.java:424)
	at org.apache.derby.impl.jdbc.TransactionResourceImpl.handleException(TransactionResourceImpl.java:353)
	at org.apache.derby.impl.jdbc.EmbedConnection.handleException(EmbedConnection.java:2405)
	at org.apache.derby.impl.jdbc.ConnectionChild.handleException(ConnectionChild.java:88)
	at org.apache.derby.impl.jdbc.EmbedPreparedStatement.<init>(EmbedPreparedStatement.java:152)
	at org.apache.derby.impl.jdbc.EmbedPreparedStatement42.<init>(EmbedPreparedStatement42.java:41)
	at org.apache.derby.jdbc.Driver42.newEmbedPreparedStatement(Driver42.java:59)
	at org.apache.derby.impl.jdbc.EmbedConnection.prepareStatement(EmbedConnection.java:1740)
	at org.apache.derby.impl.jdbc.EmbedConnection.prepareStatement(EmbedConnection.java:1568)
	at org.apache.derby.catalog.SystemProcedures.SYSCS_COMPRESS_TABLE(SystemProcedures.java:940)
	at org.apache.derby.exe.ac560740aax015dx8f27xef3cx0000030873600.g0(Unknown Source)
	at sun.reflect.NativeMethodAccessorImpl.invoke0(Native Method)
	at sun.reflect.NativeMethodAccessorImpl.invoke(NativeMethodAccessorImpl.java:62)
	at sun.reflect.DelegatingMethodAccessorImpl.invoke(DelegatingMethodAccessorImpl.java:43)
	at java.lang.reflect.Method.invoke(Method.java:498)
	at org.apache.derby.impl.services.reflect.ReflectMethod.invoke(ReflectMethod.java:46)
	... 14 more
Caused by: ERROR 42Y55: 'ALTER TABLE' cannot be performed on 'APP.NOTTHERE' because it does not exist.
	at org.apache.derby.iapi.error.StandardException.newException(StandardException.java:290)
	at org.apache.derby.iapi.error.StandardException.newException(StandardException.java:285)
	at org.apache.derby.impl.sql.compile.DDLStatementNode.justGetDescriptor(DDLStatementNode.java:366)
	at org.apache.derby.impl.sql.compile.DDLStatementNode.getTableDescriptor(DDLStatementNode.java:337)
	at org.apache.derby.impl.sql.compile.DDLStatementNode.getTableDescriptor(DDLStatementNode.java:289)
	at org.apache.derby.impl.sql.compile.AlterTableNode.bindStatement(AlterTableNode.java:335)
	at org.apache.derby.impl.sql.GenericStatement.prepMinion(GenericStatement.java:401)
	at org.apache.derby.impl.sql.GenericStatement.prepare(GenericStatement.java:99)
	at org.apache.derby.impl.sql.conn.GenericLanguageConnectionContext.prepareInternalStatement(GenericLanguageConnectionContext.java:1114)
	at org.apache.derby.impl.jdbc.EmbedPreparedStatement.<init>(EmbedPreparedStatement.java:134)
	... 25 more
============= begin nested exception, level (1) ===========
java.sql.SQLSyntaxErrorException: 'ALTER TABLE' cannot be performed on 'APP.NOTTHERE' because it does not exist.
	at org.apache.derby.impl.jdbc.SQLExceptionFactory.getSQLException(SQLExceptionFactory.java:103)
	at org.apache.derby.impl.jdbc.Util.generateCsSQLException(Util.java:230)
	at org.apache.derby.impl.jdbc.TransactionResourceImpl.wrapInSQLException(TransactionResourceImpl.java:424)
	at org.apache.derby.impl.jdbc.TransactionResourceImpl.handleException(TransactionResourceImpl.java:353)
	at org.apache.derby.impl.jdbc.EmbedConnection.handleException(EmbedConnection.java:2405)
	at org.apache.derby.impl.jdbc.ConnectionChild.handleException(ConnectionChild.java:88)
	at org.apache.derby.impl.jdbc.EmbedPreparedStatement.<init>(EmbedPreparedStatement.java:152)
	at org.apache.derby.impl.jdbc.EmbedPreparedStatement42.<init>(EmbedPreparedStatement42.java:41)
	at org.apache.derby.jdbc.Driver42.newEmbedPreparedStatement(Driver42.java:59)
	at org.apache.derby.impl.jdbc.EmbedConnection.prepareStatement(EmbedConnection.java:1740)
	at org.apache.derby.impl.jdbc.EmbedConnection.prepareStatement(EmbedConnection.java:1568)
	at org.apache.derby.catalog.SystemProcedures.SYSCS_COMPRESS_TABLE(SystemProcedures.java:940)
	at org.apache.derby.exe.ac560740aax015dx8f27xef3cx0000030873600.g0(Unknown Source)
	at sun.reflect.NativeMethodAccessorImpl.invoke0(Native Method)
	at sun.reflect.NativeMethodAccessorImpl.invoke(NativeMethodAccessorImpl.java:62)
	at sun.reflect.DelegatingMethodAccessorImpl.invoke(DelegatingMethodAccessorImpl.java:43)
	at java.lang.reflect.Method.invoke(Method.java:498)
	at org.apache.derby.impl.services.reflect.ReflectMethod.invoke(ReflectMethod.java:46)
	at org.apache.derby.impl.sql.execute.CallStatementResultSet.open(CallStatementResultSet.java:75)
	at org.apache.derby.impl.sql.GenericPreparedStatement.executeStmt(GenericPreparedStatement.java:472)
	at org.apache.derby.impl.sql.GenericPreparedStatement.execute(GenericPreparedStatement.java:351)
	at org.apache.derby.impl.jdbc.EmbedStatement.executeStatement(EmbedStatement.java:1339)
	at org.apache.derby.impl.jdbc.EmbedStatement.execute(EmbedStatement.java:705)
	at org.apache.derby.impl.jdbc.EmbedStatement.execute(EmbedStatement.java:632)
	at org.apache.derby.impl.tools.ij.ij.executeImmediate(ij.java:372)
	at org.apache.derby.impl.tools.ij.utilMain.doCatch(utilMain.java:533)
	at org.apache.derby.impl.tools.ij.utilMain.runScriptGuts(utilMain.java:375)
	at org.apache.derby.impl.tools.ij.utilMain.go(utilMain.java:251)
	at org.apache.derby.impl.tools.ij.Main.go(Main.java:229)
	at org.apache.derby.impl.tools.ij.Main.mainCore(Main.java:184)
	at org.apache.derby.impl.tools.ij.Main.main(Main.java:75)
	at org.apache.derby.tools.ij.main(ij.java:59)
Caused by: ERROR 42Y55: 'ALTER TABLE' cannot be performed on 'APP.NOTTHERE' because it does not exist.
	at org.apache.derby.iapi.error.StandardException.newException(StandardException.java:290)
	at org.apache.derby.iapi.error.StandardException.newException(StandardException.java:285)
	at org.apache.derby.impl.sql.compile.DDLStatementNode.justGetDescriptor(DDLStatementNode.java:366)
	at org.apache.derby.impl.sql.compile.DDLStatementNode.getTableDescriptor(DDLStatementNode.java:337)
	at org.apache.derby.impl.sql.compile.DDLStatementNode.getTableDescriptor(DDLStatementNode.java:289)
	at org.apache.derby.impl.sql.compile.AlterTableNode.bindStatement(AlterTableNode.java:335)
	at org.apache.derby.impl.sql.GenericStatement.prepMinion(GenericStatement.java:401)
	at org.apache.derby.impl.sql.GenericStatement.prepare(GenericStatement.java:99)
	at org.apache.derby.impl.sql.conn.GenericLanguageConnectionContext.prepareInternalStatement(GenericLanguageConnectionContext.java:1114)
	at org.apache.derby.impl.jdbc.EmbedPreparedStatement.<init>(EmbedPreparedStatement.java:134)
	... 25 more
============= end nested exception, level (1) ===========
============= begin nested exception, level (2) ===========
ERROR 42Y55: 'ALTER TABLE' cannot be performed on 'APP.NOTTHERE' because it does not exist.
	at org.apache.derby.iapi.error.StandardException.newException(StandardException.java:290)
	at org.apache.derby.iapi.error.StandardException.newException(StandardException.java:285)
	at org.apache.derby.impl.sql.compile.DDLStatementNode.justGetDescriptor(DDLStatementNode.java:366)
	at org.apache.derby.impl.sql.compile.DDLStatementNode.getTableDescriptor(DDLStatementNode.java:337)
	at org.apache.derby.impl.sql.compile.DDLStatementNode.getTableDescriptor(DDLStatementNode.java:289)
	at org.apache.derby.impl.sql.compile.AlterTableNode.bindStatement(AlterTableNode.java:335)
	at org.apache.derby.impl.sql.GenericStatement.prepMinion(GenericStatement.java:401)
	at org.apache.derby.impl.sql.GenericStatement.prepare(GenericStatement.java:99)
	at org.apache.derby.impl.sql.conn.GenericLanguageConnectionContext.prepareInternalStatement(GenericLanguageConnectionContext.java:1114)
	at org.apache.derby.impl.jdbc.EmbedPreparedStatement.<init>(EmbedPreparedStatement.java:134)
	at org.apache.derby.impl.jdbc.EmbedPreparedStatement42.<init>(EmbedPreparedStatement42.java:41)
	at org.apache.derby.jdbc.Driver42.newEmbedPreparedStatement(Driver42.java:59)
	at org.apache.derby.impl.jdbc.EmbedConnection.prepareStatement(EmbedConnection.java:1740)
	at org.apache.derby.impl.jdbc.EmbedConnection.prepareStatement(EmbedConnection.java:1568)
	at org.apache.derby.catalog.SystemProcedures.SYSCS_COMPRESS_TABLE(SystemProcedures.java:940)
	at org.apache.derby.exe.ac560740aax015dx8f27xef3cx0000030873600.g0(Unknown Source)
	at sun.reflect.NativeMethodAccessorImpl.invoke0(Native Method)
	at sun.reflect.NativeMethodAccessorImpl.invoke(NativeMethodAccessorImpl.java:62)
	at sun.reflect.DelegatingMethodAccessorImpl.invoke(DelegatingMethodAccessorImpl.java:43)
	at java.lang.reflect.Method.invoke(Method.java:498)
	at org.apache.derby.impl.services.reflect.ReflectMethod.invoke(ReflectMethod.java:46)
	at org.apache.derby.impl.sql.execute.CallStatementResultSet.open(CallStatementResultSet.java:75)
	at org.apache.derby.impl.sql.GenericPreparedStatement.executeStmt(GenericPreparedStatement.java:472)
	at org.apache.derby.impl.sql.GenericPreparedStatement.execute(GenericPreparedStatement.java:351)
	at org.apache.derby.impl.jdbc.EmbedStatement.executeStatement(EmbedStatement.java:1339)
	at org.apache.derby.impl.jdbc.EmbedStatement.execute(EmbedStatement.java:705)
	at org.apache.derby.impl.jdbc.EmbedStatement.execute(EmbedStatement.java:632)
	at org.apache.derby.impl.tools.ij.ij.executeImmediate(ij.java:372)
	at org.apache.derby.impl.tools.ij.utilMain.doCatch(utilMain.java:533)
	at org.apache.derby.impl.tools.ij.utilMain.runScriptGuts(utilMain.java:375)
	at org.apache.derby.impl.tools.ij.utilMain.go(utilMain.java:251)
	at org.apache.derby.impl.tools.ij.Main.go(Main.java:229)
	at org.apache.derby.impl.tools.ij.Main.mainCore(Main.java:184)
	at org.apache.derby.impl.tools.ij.Main.main(Main.java:75)
	at org.apache.derby.tools.ij.main(ij.java:59)
============= end nested exception, level (2) ===========
Cleanup action completed
